<?xml version="1.0" encoding="UTF-8"?>
<testsuite xmlns:xsi="http://www.w3.org/2001/XMLSchema-instance" xsi:noNamespaceSchemaLocation="https://maven.apache.org/surefire/maven-surefire-plugin/xsd/surefire-test-report.xsd" name="org.apache.core.spring.DefaultAccountRuleTest" time="1.291" tests="10" errors="0" skipped="0" failures="0">
  <properties>
[...]
</properties>
  <testcase name="patternTest" classname="org.apache.core.spring.DefaultAccountRuleTest" time="1.075"/>
  <testcase name="test1CP" classname="org.apache.core.spring.DefaultAccountRuleTest" time="0"/>
  <testcase name="test2CP" classname="org.apache.core.spring.DefaultAccountRuleTest" time="0.015"/>
  <testcase name="test3CP" classname="org.apache.core.spring.DefaultAccountRuleTest" time="0.005"/>
  <testcase name="test4CP" classname="org.apache.core.spring.DefaultAccountRuleTest" time="0.001"/>
  <testcase name="prefixTest" classname="org.apache.core.spring.DefaultAccountRuleTest" time="0.003"/>
  <testcase name="suffixTest" classname="org.apache.core.spring.DefaultAccountRuleTest" time="0.002"/>
  <testcase name="allUppercaseTest" classname="org.apache.core.spring.DefaultAccountRuleTest" time="0.002"/>
  <testcase name="usernameLengthTest" classname="org.apache.core.spring.DefaultAccountRuleTest" time="0.004"/>
  <testcase name="allLowercaseTest" classname="org.apache.core.spring.DefaultAccountRuleTest" time="0.002"/>
</testsuite>